<?xml version="1.0" encoding="UTF-8"?>
<!-- Generated by org.testng.reporters.JUnitReportReporter -->
<testsuite hostname="sony-VAIO" failures="0" tests="1" name="com.demoaut.newtours.Testscripts.ValidateUserTest" time="4.232" errors="0" timestamp="04 Jan 2018 23:54:06 GMT" skipped="0">
  <testcase classname="com.demoaut.newtours.Testscripts.ValidateUserTest" name="userValidation" time="4.232"/>
</testsuite> <!-- com.demoaut.newtours.Testscripts.ValidateUserTest -->
